<?xml version="1.0" encoding="UTF-8"?>
<!-- Generated by org.testng.reporters.JUnitReportReporter -->
<testsuite hostname="Gregorys-MacBook-Pro.local" name="com.pack.common.tests.CreateAnAccounTest" tests="1" failures="0" timestamp="6 Oct 2016 13:27:29 GMT" time="3.800" errors="0">
  <testcase name="verifyCreateAnAccounPage" time="3.800" classname="com.pack.common.tests.CreateAnAccounTest"/>
</testsuite> <!-- com.pack.common.tests.CreateAnAccounTest -->
