<?xml version="1.0" encoding="UTF-8"?>
<!-- Generated by org.testng.reporters.JUnitReportReporter -->
<testsuite name="demo.SeleniumFrmaework" tests="1" failures="0" timestamp="29 Oct 2016 17:53:22 GMT" time="58.002" errors="0">
  <testcase name="htmlElements" time="58.002" classname="demo.SeleniumFrmaework"/>
</testsuite> <!-- demo.SeleniumFrmaework -->
