<?xml version="1.0" encoding="UTF-8"?>
<!-- Generated by org.testng.reporters.JUnitReportReporter -->
<testsuite hostname="Gregorys-MacBook-Pro.local" name="demo.FacebookDemo" tests="1" failures="0" timestamp="23 Oct 2016 11:52:03 GMT" time="26.588" errors="0">
  <testcase name="linkTest" time="26.588" classname="demo.FacebookDemo"/>
</testsuite> <!-- demo.FacebookDemo -->
