<?xml version="1.0" encoding="UTF-8"?>
<!-- Generated by org.testng.reporters.JUnitReportReporter -->
<testsuite hostname="Gregorys-MBP" name="test.Test99GuruLogin" tests="1" failures="0" timestamp="14 May 2017 21:13:37 GMT" time="0.244" errors="0">
  <testcase name="test_Home_Page_Appear_Correct" time="0.244" classname="test.Test99GuruLogin"/>
</testsuite> <!-- test.Test99GuruLogin -->
