<?xml version="1.0" encoding="UTF-8"?>
<!-- Generated by org.testng.reporters.JUnitReportReporter -->
<testsuite hostname="PC" name="test.Test99GuruLogin" tests="1" failures="0" timestamp="7 Jul 2014 10:31:05 GMT" time="1.517" errors="0">
  <testcase name="test_Home_Page_Appear_Correct" time="1.517" classname="test.Test99GuruLogin"/>
</testsuite> <!-- test.Test99GuruLogin -->
