<?xml version="1.0" encoding="UTF-8"?>
<!-- Generated by org.testng.reporters.JUnitReportReporter -->
<testsuite hostname="Gregorys-MBP" name="test.Test99GuruLogin" tests="1" failures="0" timestamp="10 May 2017 05:14:22 GMT" time="3.005" errors="0">
  <testcase name="test_Home_Page_Appear_Correct" time="3.005" classname="test.Test99GuruLogin"/>
</testsuite> <!-- test.Test99GuruLogin -->
