<?xml version="1.0" encoding="UTF-8"?>
<!-- Generated by org.testng.reporters.JUnitReportReporter -->
<testsuite hostname="PC" name="test.Test99GuruLoginWithPageFactory" tests="1" failures="0" timestamp="7 Jul 2014 10:31:22 GMT" time="1.643" errors="0">
  <testcase name="test_Home_Page_Appear_Correct" time="1.643" classname="test.Test99GuruLoginWithPageFactory"/>
</testsuite> <!-- test.Test99GuruLoginWithPageFactory -->
