<?xml version="1.0" encoding="UTF-8"?>
<!-- Generated by org.testng.reporters.JUnitReportReporter -->
<testsuite hostname="Gregorys-MBP" name="test.NoPOMTest99GuruLogin" tests="1" failures="0" timestamp="18 May 2017 17:20:48 GMT" time="14.961" errors="0">
  <testcase name="test_Home_Page_Appear_Correct" time="14.961" classname="test.NoPOMTest99GuruLogin"/>
</testsuite> <!-- test.NoPOMTest99GuruLogin -->
