<?xml version="1.0" encoding="UTF-8"?>
<!-- Generated by org.testng.reporters.JUnitReportReporter -->
<testsuite hostname="Gregorys-MBP" name="test.Test99GuruLogin" tests="1" failures="0" timestamp="18 May 2017 17:29:22 GMT" time="4.007" errors="0">
  <testcase name="test_Home_Page_Appear_Correct" time="4.007" classname="test.Test99GuruLogin"/>
</testsuite> <!-- test.Test99GuruLogin -->
