<?xml version="1.0" encoding="UTF-8"?>
<!-- Generated by org.testng.reporters.JUnitReportReporter -->
<testsuite hostname="Gregorys-MBP" name="test.NoPOMTest99GuruLogin" tests="1" failures="0" timestamp="11 May 2017 16:46:10 GMT" time="13.093" errors="0">
  <testcase name="test_Home_Page_Appear_Correct" time="13.093" classname="test.NoPOMTest99GuruLogin"/>
</testsuite> <!-- test.NoPOMTest99GuruLogin -->
