<?xml version="1.0" encoding="UTF-8"?>
<!-- Generated by org.testng.reporters.JUnitReportReporter -->
<testsuite hostname="Gregorys-MacBook-Pro.local" name="testCases.ExecuteTest" tests="1" failures="0" timestamp="19 Oct 2016 14:32:16 GMT" time="16.587" errors="0">
  <testcase name="testLogin" time="16.587" classname="testCases.ExecuteTest"/>
</testsuite> <!-- testCases.ExecuteTest -->
